INFO 2022-07-03 08:58:18,407 [root:test.py:test_inf:18]
['HTTP/1.1 100 Continue\n', '\n', 'HTTP/1.1 200 OK\n', 'date: Sun, 03 Jul 2022 06:58:17 GMT\n', 'server: uvicorn\n', 'content-length: 28\n', 'content-type: application/json\n', '\n', '{"Prediction Resut":"COVID"}']

INFO 2022-07-03 08:58:18,427 [root:test.py:test_server_is_alive:9]
['HTTP/1.1 200 OK\n', 'date: Sun, 03 Jul 2022 06:58:17 GMT\n', 'server: uvicorn\n', 'content-length: 18\n', 'content-type: application/json\n', '\n', '{"status":"alive"}']

INFO 2022-07-03 08:58:43,462 [root:test.py:test_inf:18]
['HTTP/1.1 100 Continue\n', '\n', 'HTTP/1.1 200 OK\n', 'date: Sun, 03 Jul 2022 06:58:43 GMT\n', 'server: uvicorn\n', 'content-length: 28\n', 'content-type: application/json\n', '\n', '{"Prediction Resut":"COVID"}']

INFO 2022-07-03 08:58:43,484 [root:test.py:test_server_is_alive:9]
['HTTP/1.1 404 Not Found\n', 'date: Sun, 03 Jul 2022 06:58:43 GMT\n', 'server: uvicorn\n', 'content-length: 22\n', 'content-type: application/json\n', '\n', '{"detail":"Not Found"}']

INFO 2022-07-03 08:58:54,492 [root:test.py:test_inf:18]
['HTTP/1.1 404 Not Found\n', 'date: Sun, 03 Jul 2022 06:58:54 GMT\n', 'server: uvicorn\n', 'content-length: 22\n', 'content-type: application/json\n', '\n', '{"detail":"Not Found"}']

INFO 2022-07-03 08:58:54,516 [root:test.py:test_server_is_alive:9]
['HTTP/1.1 200 OK\n', 'date: Sun, 03 Jul 2022 06:58:54 GMT\n', 'server: uvicorn\n', 'content-length: 18\n', 'content-type: application/json\n', '\n', '{"status":"alive"}']

INFO 2022-07-03 08:59:01,409 [root:test.py:test_inf:18]
['HTTP/1.1 100 Continue\n', '\n', 'HTTP/1.1 200 OK\n', 'date: Sun, 03 Jul 2022 06:59:00 GMT\n', 'server: uvicorn\n', 'content-length: 28\n', 'content-type: application/json\n', '\n', '{"Prediction Resut":"COVID"}']

INFO 2022-07-03 08:59:01,434 [root:test.py:test_server_is_alive:9]
['HTTP/1.1 200 OK\n', 'date: Sun, 03 Jul 2022 06:59:01 GMT\n', 'server: uvicorn\n', 'content-length: 18\n', 'content-type: application/json\n', '\n', '{"status":"alive"}']

INFO 2022-07-03 09:01:07,347 [root:test.py:test_inf:16]
run inference test

INFO 2022-07-03 09:01:07,542 [root:test.py:test_inf:25]
test success status 200

INFO 2022-07-03 09:01:07,542 [root:test.py:test_inf:26]
['HTTP/1.1 100 Continue\n', '\n', 'HTTP/1.1 200 OK\n', 'date: Sun, 03 Jul 2022 07:01:06 GMT\n', 'server: uvicorn\n', 'content-length: 28\n', 'content-type: application/json\n', '\n', '{"Prediction Resut":"COVID"}']

INFO 2022-07-03 09:01:07,543 [root:test.py:test_server_is_alive:4]
run server is alive test

INFO 2022-07-03 09:01:07,565 [root:test.py:test_server_is_alive:12]
test success status 200

INFO 2022-07-03 09:01:07,565 [root:test.py:test_server_is_alive:13]
['HTTP/1.1 200 OK\n', 'date: Sun, 03 Jul 2022 07:01:06 GMT\n', 'server: uvicorn\n', 'content-length: 18\n', 'content-type: application/json\n', '\n', '{"status":"alive"}']

